[07-Jun-2014 19:25:44] NOTICE: fpm is running, pid 25041
[07-Jun-2014 19:25:44] NOTICE: ready to handle connections
[07-Jun-2014 19:27:49] NOTICE: Finishing ...
[07-Jun-2014 19:27:49] NOTICE: exiting, bye-bye!
[07-Jun-2014 19:27:50] NOTICE: fpm is running, pid 25055
[07-Jun-2014 19:27:50] NOTICE: ready to handle connections
[07-Jun-2014 20:13:08] NOTICE: Finishing ...
[07-Jun-2014 20:13:08] NOTICE: exiting, bye-bye!
[07-Jun-2014 20:13:10] NOTICE: fpm is running, pid 6466
[07-Jun-2014 20:13:10] NOTICE: ready to handle connections
[07-Jun-2014 20:13:35] NOTICE: Finishing ...
[07-Jun-2014 20:13:35] NOTICE: exiting, bye-bye!
[07-Jun-2014 20:13:35] NOTICE: fpm is running, pid 6476
[07-Jun-2014 20:13:35] NOTICE: ready to handle connections
[07-Jun-2014 20:15:23] NOTICE: Finishing ...
[07-Jun-2014 20:15:23] NOTICE: exiting, bye-bye!
[07-Jun-2014 20:15:24] NOTICE: fpm is running, pid 6489
[07-Jun-2014 20:15:24] NOTICE: ready to handle connections
[07-Jun-2014 20:16:22] NOTICE: Finishing ...
[07-Jun-2014 20:16:22] NOTICE: exiting, bye-bye!
[07-Jun-2014 20:16:23] NOTICE: fpm is running, pid 6502
[07-Jun-2014 20:16:23] NOTICE: ready to handle connections
[07-Jun-2014 20:20:29] NOTICE: Finishing ...
[07-Jun-2014 20:20:29] NOTICE: exiting, bye-bye!
[07-Jun-2014 20:20:30] NOTICE: fpm is running, pid 6575
[07-Jun-2014 20:20:30] NOTICE: ready to handle connections
[07-Jun-2014 23:50:56] NOTICE: fpm is running, pid 11493
[07-Jun-2014 23:50:56] NOTICE: ready to handle connections
[08-Jun-2014 00:34:48] WARNING: [pool www] child 11494 exited on signal 15 (SIGTERM) after 2631.915663 seconds from start
[08-Jun-2014 00:34:48] NOTICE: [pool www] child 11626 started
[08-Jun-2014 00:34:48] WARNING: [pool www] child 11495 exited on signal 15 (SIGTERM) after 2631.915853 seconds from start
[08-Jun-2014 00:34:48] NOTICE: [pool www] child 11628 started
[08-Jun-2014 00:34:48] NOTICE: Terminating ...
[08-Jun-2014 00:34:48] NOTICE: exiting, bye-bye!
